Unity Editor version:    2021.3.9f1 (ad3870b89536)
Branch:                  2021.3/staging
Build type:              Release
Batch mode:              YES
macOS version:           Version 12.5.1 (Build 21G83)
Darwin version:          21.6.0
Architecture:            x86_64
Running under Rosetta:   NO
Available memory:        16384 MB
Using pre-set license
Pro License: YES

COMMAND LINE ARGUMENTS:
/Applications/Unity/Hub/Editor/2021.3.9f1/Unity.app/Contents/MacOS/Unity
-adb2
-batchMode
-noUpm
-name
AssetImportWorker0
-projectPath
/Users/iankimble/Documents/Unity/Primitive_Museum_Gallery_Assignment
-logFile
Logs/AssetImportWorker0.log
-srvPort
57437
Successfully changed project path to: /Users/iankimble/Documents/Unity/Primitive_Museum_Gallery_Assignment
/Users/iankimble/Documents/Unity/Primitive_Museum_Gallery_Assignment
[UnityMemory] Configuration Parameters - Can be set up in boot.config
    "memorysetup-bucket-allocator-granularity=16"
    "memorysetup-bucket-allocator-bucket-count=8"
    "memorysetup-bucket-allocator-block-size=33554432"
    "memorysetup-bucket-allocator-block-count=8"
    "memorysetup-main-allocator-block-size=16777216"
    "memorysetup-thread-allocator-block-size=16777216"
    "memorysetup-gfx-main-allocator-block-size=16777216"
    "memorysetup-gfx-thread-allocator-block-size=16777216"
    "memorysetup-cache-allocator-block-size=4194304"
    "memorysetup-typetree-allocator-block-size=2097152"
    "memorysetup-profiler-bucket-allocator-granularity=16"
    "memorysetup-profiler-bucket-allocator-bucket-count=8"
    "memorysetup-profiler-bucket-allocator-block-size=33554432"
    "memorysetup-profiler-bucket-allocator-block-count=8"
    "memorysetup-profiler-allocator-block-size=16777216"
    "memorysetup-profiler-editor-allocator-block-size=1048576"
    "memorysetup-temp-allocator-size-main=16777216"
    "memorysetup-job-temp-allocator-block-size=2097152"
    "memorysetup-job-temp-allocator-block-size-background=1048576"
    "memorysetup-job-temp-allocator-reduction-small-platforms=262144"
    "memorysetup-temp-allocator-size-background-worker=32768"
    "memorysetup-temp-allocator-size-job-worker=262144"
    "memorysetup-temp-allocator-size-preload-manager=33554432"
    "memorysetup-temp-allocator-size-nav-mesh-worker=65536"
    "memorysetup-temp-allocator-size-audio-worker=65536"
    "memorysetup-temp-allocator-size-cloud-worker=32768"
    "memorysetup-temp-allocator-size-gi-baking-worker=262144"
    "memorysetup-temp-allocator-size-gfx=262144"
Refreshing native plugins compatible for Editor in 130.76 ms, found 2 plugins.
Preloading 0 native plugins for Editor in 0.00 ms.
Initialize engine version: 2021.3.9f1 (ad3870b89536)
[Subsystems] Discovering subsystems at path /Applications/Unity/Hub/Editor/2021.3.9f1/Unity.app/Contents/Resources/UnitySubsystems
[Subsystems] Discovering subsystems at path /Users/iankimble/Documents/Unity/Primitive_Museum_Gallery_Assignment/Assets
GfxDevice: creating device client; threaded=0; jobified=0
Color LCD preferred device: Intel(R) Iris(TM) Plus Graphics (low power)
Metal devices available: 1
0: Intel(R) Iris(TM) Plus Graphics (low power)
Using device Intel(R) Iris(TM) Plus Graphics (low power)
Initializing Metal device caps: Intel(R) Iris(TM) Plus Graphics
Initialize mono
Mono path[0] = '/Applications/Unity/Hub/Editor/2021.3.9f1/Unity.app/Contents/Managed'
Mono path[1] = '/Applications/Unity/Hub/Editor/2021.3.9f1/Unity.app/Contents/MonoBleedingEdge/lib/mono/unityjit-macos'
Mono config path = '/Applications/Unity/Hub/Editor/2021.3.9f1/Unity.app/Contents/MonoBleedingEdge/etc'
Using monoOptions --debugger-agent=transport=dt_socket,embedding=1,server=y,suspend=n,address=127.0.0.1:56649
Begin MonoManager ReloadAssembly
Registering precompiled unity dll's ...
Register platform support module: /Applications/Unity/Hub/Editor/2021.3.9f1/Unity.app/Contents/PlaybackEngines/MacStandaloneSupport/UnityEditor.OSXStandalone.Extensions.dll
Registered in 0.001563 seconds.
Native extension for OSXStandalone target not found
Refreshing native plugins compatible for Editor in 131.65 ms, found 2 plugins.
Preloading 0 native plugins for Editor in 0.00 ms.
Mono: successfully reloaded assembly
- Completed reload, in  1.133 seconds
Domain Reload Profiling:
	ReloadAssembly (1133ms)
		BeginReloadAssembly (96ms)
			ExecutionOrderSort (0ms)
			DisableScriptedObjects (0ms)
			BackupInstance (0ms)
			ReleaseScriptingObjects (0ms)
			CreateAndSetChildDomain (1ms)
		EndReloadAssembly (838ms)
			LoadAssemblies (96ms)
			RebuildTransferFunctionScriptingTraits (0ms)
			SetupTypeCache (214ms)
			ReleaseScriptCaches (0ms)
			RebuildScriptCaches (59ms)
			SetupLoadedEditorAssemblies (481ms)
				LogAssemblyErrors (0ms)
				InitializePlatformSupportModulesInManaged (7ms)
				SetLoadedEditorAssemblies (0ms)
				RefreshPlugins (132ms)
				BeforeProcessingInitializeOnLoad (2ms)
				ProcessInitializeOnLoadAttributes (257ms)
				ProcessInitializeOnLoadMethodAttributes (81ms)
				AfterProcessingInitializeOnLoad (0ms)
				EditorAssembliesLoaded (0ms)
			ExecutionOrderSort2 (0ms)
			AwakeInstancesAfterBackupRestoration (0ms)
Platform modules already initialized, skipping
Registering precompiled user dll's ...
Registered in 0.006166 seconds.
Begin MonoManager ReloadAssembly
Symbol file LoadedFromMemory doesn't match image /Users/iankimble/Documents/Unity/Primitive_Museum_Gallery_Assignment/Library/PackageCache/com.unity.visualscripting@1.7.8/Editor/VisualScripting.Core/Dependencies/YamlDotNet/Unity.VisualScripting.YamlDotNet.dll
Symbol file LoadedFromMemory doesn't match image /Users/iankimble/Documents/Unity/Primitive_Museum_Gallery_Assignment/Library/PackageCache/com.unity.visualscripting@1.7.8/Editor/VisualScripting.Core/Dependencies/DotNetZip/Unity.VisualScripting.IonicZip.dll
Native extension for OSXStandalone target not found
Refreshing native plugins compatible for Editor in 0.59 ms, found 2 plugins.
Preloading 0 native plugins for Editor in 0.00 ms.
Mono: successfully reloaded assembly
- Completed reload, in  1.801 seconds
Domain Reload Profiling:
	ReloadAssembly (1802ms)
		BeginReloadAssembly (155ms)
			ExecutionOrderSort (0ms)
			DisableScriptedObjects (8ms)
			BackupInstance (0ms)
			ReleaseScriptingObjects (0ms)
			CreateAndSetChildDomain (38ms)
		EndReloadAssembly (1447ms)
			LoadAssemblies (131ms)
			RebuildTransferFunctionScriptingTraits (0ms)
			SetupTypeCache (502ms)
			ReleaseScriptCaches (1ms)
			RebuildScriptCaches (99ms)
			SetupLoadedEditorAssemblies (619ms)
				LogAssemblyErrors (0ms)
				InitializePlatformSupportModulesInManaged (5ms)
				SetLoadedEditorAssemblies (1ms)
				RefreshPlugins (1ms)
				BeforeProcessingInitializeOnLoad (124ms)
				ProcessInitializeOnLoadAttributes (442ms)
				ProcessInitializeOnLoadMethodAttributes (45ms)
				AfterProcessingInitializeOnLoad (2ms)
				EditorAssembliesLoaded (0ms)
			ExecutionOrderSort2 (0ms)
			AwakeInstancesAfterBackupRestoration (8ms)
Platform modules already initialized, skipping
========================================================================
Worker process is ready to serve import requests
Launching external process: /Applications/Unity/Hub/Editor/2021.3.9f1/Unity.app/Contents/Tools/UnityShaderCompiler
Launched and connected shader compiler UnityShaderCompiler after 0.09 seconds
Refreshing native plugins compatible for Editor in 0.75 ms, found 2 plugins.
Preloading 0 native plugins for Editor in 0.00 ms.
Unloading 3383 Unused Serialized files (Serialized files now loaded: 0)
Unloading 27 unused Assets / (94.8 KB). Loaded Objects now: 3840.
Memory consumption went from 228.3 MB to 228.2 MB.
Total: 4.286204 ms (FindLiveObjects: 0.504103 ms CreateObjectMapping: 0.191953 ms MarkObjects: 3.428136 ms  DeleteObjects: 0.160528 ms)

AssetImportParameters requested are different than current active one (requested -> active):
  custom:video-decoder-ogg-theora: a1e56fd34408186e4bbccfd4996cb3dc -> 
  custom:container-muxer-webm: aa71ff27fc2769a1b78a27578f13a17b -> 
  custom:container-demuxer-webm: 4f35f7cbe854078d1ac9338744f61a02 -> 
  custom:video-encoder-webm-vp8: eb34c28f22e8b96e1ab97ce403110664 -> 
  custom:framework-osx-AVFoundation: e770b220cccbd017edd2c1fefb359320 -> 
  custom:audio-encoder-webm-vorbis: bf7c407c2cedff20999df2af8eb42d56 -> 
  custom:container-demuxer-ogg: 62fdf1f143b41e24485cea50d1cbac27 -> 
  custom:video-decoder-webm-vp8: 9c59270c3fd7afecdb556c50c9e8de78 -> 
  custom:audio-decoder-ogg-vorbis: bf7c407c2cedff20999df2af8eb42d56 -> 
========================================================================
Received Import Request.
  Time since last request: 439652.554665 seconds.
  path: Assets/Scenes
  artifactKey: Guid(6ea315d0fd7389c41b19996891e99ae3) Importer(815301076,1909f56bfc062723c751e8b465ee728b)
Start importing Assets/Scenes using Guid(6ea315d0fd7389c41b19996891e99ae3) Importer(815301076,1909f56bfc062723c751e8b465ee728b)  -> (artifact id: 'b8193726cff86800c54781cdc6d54904') in 0.016428 seconds 
========================================================================
Received Prepare
Registering precompiled user dll's ...
Registered in 0.002876 seconds.
Begin MonoManager ReloadAssembly
Symbol file LoadedFromMemory doesn't match image /Users/iankimble/Documents/Unity/Primitive_Museum_Gallery_Assignment/Library/PackageCache/com.unity.visualscripting@1.7.8/Editor/VisualScripting.Core/Dependencies/YamlDotNet/Unity.VisualScripting.YamlDotNet.dll
Symbol file LoadedFromMemory doesn't match image /Users/iankimble/Documents/Unity/Primitive_Museum_Gallery_Assignment/Library/PackageCache/com.unity.visualscripting@1.7.8/Editor/VisualScripting.Core/Dependencies/DotNetZip/Unity.VisualScripting.IonicZip.dll
Native extension for OSXStandalone target not found
Refreshing native plugins compatible for Editor in 0.63 ms, found 2 plugins.
Preloading 0 native plugins for Editor in 0.00 ms.
Mono: successfully reloaded assembly
- Completed reload, in  1.747 seconds
Domain Reload Profiling:
	ReloadAssembly (1748ms)
		BeginReloadAssembly (164ms)
			ExecutionOrderSort (0ms)
			DisableScriptedObjects (8ms)
			BackupInstance (0ms)
			ReleaseScriptingObjects (0ms)
			CreateAndSetChildDomain (60ms)
		EndReloadAssembly (1421ms)
			LoadAssemblies (88ms)
			RebuildTransferFunctionScriptingTraits (0ms)
			SetupTypeCache (466ms)
			ReleaseScriptCaches (2ms)
			RebuildScriptCaches (78ms)
			SetupLoadedEditorAssemblies (682ms)
				LogAssemblyErrors (0ms)
				InitializePlatformSupportModulesInManaged (15ms)
				SetLoadedEditorAssemblies (1ms)
				RefreshPlugins (1ms)
				BeforeProcessingInitializeOnLoad (76ms)
				ProcessInitializeOnLoadAttributes (512ms)
				ProcessInitializeOnLoadMethodAttributes (76ms)
				AfterProcessingInitializeOnLoad (2ms)
				EditorAssembliesLoaded (0ms)
			ExecutionOrderSort2 (0ms)
			AwakeInstancesAfterBackupRestoration (10ms)
Platform modules already initialized, skipping
Refreshing native plugins compatible for Editor in 3.15 ms, found 2 plugins.
Preloading 0 native plugins for Editor in 0.00 ms.
Unloading 3378 Unused Serialized files (Serialized files now loaded: 0)
Unloading 20 unused Assets / (71.2 KB). Loaded Objects now: 3843.
Memory consumption went from 233.3 MB to 233.2 MB.
Total: 7.902333 ms (FindLiveObjects: 0.647489 ms CreateObjectMapping: 0.737421 ms MarkObjects: 6.262405 ms  DeleteObjects: 0.252618 ms)

AssetImportParameters requested are different than current active one (requested -> active):
  custom:video-decoder-ogg-theora: a1e56fd34408186e4bbccfd4996cb3dc -> 
  custom:container-muxer-webm: aa71ff27fc2769a1b78a27578f13a17b -> 
  custom:container-demuxer-webm: 4f35f7cbe854078d1ac9338744f61a02 -> 
  custom:video-encoder-webm-vp8: eb34c28f22e8b96e1ab97ce403110664 -> 
  custom:framework-osx-AVFoundation: e770b220cccbd017edd2c1fefb359320 -> 
  custom:audio-encoder-webm-vorbis: bf7c407c2cedff20999df2af8eb42d56 -> 
  custom:container-demuxer-ogg: 62fdf1f143b41e24485cea50d1cbac27 -> 
  custom:video-decoder-webm-vp8: 9c59270c3fd7afecdb556c50c9e8de78 -> 
  custom:audio-decoder-ogg-vorbis: bf7c407c2cedff20999df2af8eb42d56 -> 
========================================================================
Received Prepare
Registering precompiled user dll's ...
Registered in 0.002307 seconds.
Begin MonoManager ReloadAssembly
Symbol file LoadedFromMemory doesn't match image /Users/iankimble/Documents/Unity/Primitive_Museum_Gallery_Assignment/Library/PackageCache/com.unity.visualscripting@1.7.8/Editor/VisualScripting.Core/Dependencies/YamlDotNet/Unity.VisualScripting.YamlDotNet.dll
Symbol file LoadedFromMemory doesn't match image /Users/iankimble/Documents/Unity/Primitive_Museum_Gallery_Assignment/Library/PackageCache/com.unity.visualscripting@1.7.8/Editor/VisualScripting.Core/Dependencies/DotNetZip/Unity.VisualScripting.IonicZip.dll
Native extension for OSXStandalone target not found
Refreshing native plugins compatible for Editor in 0.92 ms, found 2 plugins.
Preloading 0 native plugins for Editor in 0.00 ms.
Mono: successfully reloaded assembly
- Completed reload, in  1.667 seconds
Domain Reload Profiling:
	ReloadAssembly (1669ms)
		BeginReloadAssembly (143ms)
			ExecutionOrderSort (0ms)
			DisableScriptedObjects (6ms)
			BackupInstance (0ms)
			ReleaseScriptingObjects (0ms)
			CreateAndSetChildDomain (52ms)
		EndReloadAssembly (1402ms)
			LoadAssemblies (73ms)
			RebuildTransferFunctionScriptingTraits (0ms)
			SetupTypeCache (367ms)
			ReleaseScriptCaches (2ms)
			RebuildScriptCaches (88ms)
			SetupLoadedEditorAssemblies (732ms)
				LogAssemblyErrors (0ms)
				InitializePlatformSupportModulesInManaged (20ms)
				SetLoadedEditorAssemblies (1ms)
				RefreshPlugins (1ms)
				BeforeProcessingInitializeOnLoad (121ms)
				ProcessInitializeOnLoadAttributes (513ms)
				ProcessInitializeOnLoadMethodAttributes (73ms)
				AfterProcessingInitializeOnLoad (3ms)
				EditorAssembliesLoaded (0ms)
			ExecutionOrderSort2 (0ms)
			AwakeInstancesAfterBackupRestoration (10ms)
Platform modules already initialized, skipping
Refreshing native plugins compatible for Editor in 3.44 ms, found 2 plugins.
Preloading 0 native plugins for Editor in 0.00 ms.
Unloading 3378 Unused Serialized files (Serialized files now loaded: 0)
Unloading 20 unused Assets / (71.2 KB). Loaded Objects now: 3846.
Memory consumption went from 232.7 MB to 232.6 MB.
Total: 5.073871 ms (FindLiveObjects: 0.460429 ms CreateObjectMapping: 0.498626 ms MarkObjects: 3.987834 ms  DeleteObjects: 0.125405 ms)

AssetImportParameters requested are different than current active one (requested -> active):
  custom:video-decoder-ogg-theora: a1e56fd34408186e4bbccfd4996cb3dc -> 
  custom:container-muxer-webm: aa71ff27fc2769a1b78a27578f13a17b -> 
  custom:container-demuxer-webm: 4f35f7cbe854078d1ac9338744f61a02 -> 
  custom:video-encoder-webm-vp8: eb34c28f22e8b96e1ab97ce403110664 -> 
  custom:framework-osx-AVFoundation: e770b220cccbd017edd2c1fefb359320 -> 
  custom:audio-encoder-webm-vorbis: bf7c407c2cedff20999df2af8eb42d56 -> 
  custom:container-demuxer-ogg: 62fdf1f143b41e24485cea50d1cbac27 -> 
  custom:video-decoder-webm-vp8: 9c59270c3fd7afecdb556c50c9e8de78 -> 
  custom:audio-decoder-ogg-vorbis: bf7c407c2cedff20999df2af8eb42d56 -> 
========================================================================
Received Prepare
Registering precompiled user dll's ...
Registered in 0.002477 seconds.
Begin MonoManager ReloadAssembly
Symbol file LoadedFromMemory doesn't match image /Users/iankimble/Documents/Unity/Primitive_Museum_Gallery_Assignment/Library/PackageCache/com.unity.visualscripting@1.7.8/Editor/VisualScripting.Core/Dependencies/YamlDotNet/Unity.VisualScripting.YamlDotNet.dll
Symbol file LoadedFromMemory doesn't match image /Users/iankimble/Documents/Unity/Primitive_Museum_Gallery_Assignment/Library/PackageCache/com.unity.visualscripting@1.7.8/Editor/VisualScripting.Core/Dependencies/DotNetZip/Unity.VisualScripting.IonicZip.dll
Native extension for OSXStandalone target not found
Refreshing native plugins compatible for Editor in 0.85 ms, found 2 plugins.
Preloading 0 native plugins for Editor in 0.00 ms.
Mono: successfully reloaded assembly
- Completed reload, in  1.539 seconds
Domain Reload Profiling:
	ReloadAssembly (1541ms)
		BeginReloadAssembly (145ms)
			ExecutionOrderSort (0ms)
			DisableScriptedObjects (7ms)
			BackupInstance (0ms)
			ReleaseScriptingObjects (0ms)
			CreateAndSetChildDomain (55ms)
		EndReloadAssembly (1269ms)
			LoadAssemblies (74ms)
			RebuildTransferFunctionScriptingTraits (0ms)
			SetupTypeCache (349ms)
			ReleaseScriptCaches (1ms)
			RebuildScriptCaches (61ms)
			SetupLoadedEditorAssemblies (678ms)
				LogAssemblyErrors (0ms)
				InitializePlatformSupportModulesInManaged (14ms)
				SetLoadedEditorAssemblies (1ms)
				RefreshPlugins (1ms)
				BeforeProcessingInitializeOnLoad (93ms)
				ProcessInitializeOnLoadAttributes (501ms)
				ProcessInitializeOnLoadMethodAttributes (65ms)
				AfterProcessingInitializeOnLoad (2ms)
				EditorAssembliesLoaded (1ms)
			ExecutionOrderSort2 (0ms)
			AwakeInstancesAfterBackupRestoration (11ms)
Platform modules already initialized, skipping
Refreshing native plugins compatible for Editor in 2.07 ms, found 2 plugins.
Preloading 0 native plugins for Editor in 0.00 ms.
Unloading 3378 Unused Serialized files (Serialized files now loaded: 0)
Unloading 20 unused Assets / (71.2 KB). Loaded Objects now: 3849.
Memory consumption went from 233.7 MB to 233.6 MB.
Total: 5.984325 ms (FindLiveObjects: 0.614816 ms CreateObjectMapping: 0.414253 ms MarkObjects: 4.810875 ms  DeleteObjects: 0.140932 ms)

AssetImportParameters requested are different than current active one (requested -> active):
  custom:video-decoder-ogg-theora: a1e56fd34408186e4bbccfd4996cb3dc -> 
  custom:container-muxer-webm: aa71ff27fc2769a1b78a27578f13a17b -> 
  custom:container-demuxer-webm: 4f35f7cbe854078d1ac9338744f61a02 -> 
  custom:video-encoder-webm-vp8: eb34c28f22e8b96e1ab97ce403110664 -> 
  custom:framework-osx-AVFoundation: e770b220cccbd017edd2c1fefb359320 -> 
  custom:audio-encoder-webm-vorbis: bf7c407c2cedff20999df2af8eb42d56 -> 
  custom:container-demuxer-ogg: 62fdf1f143b41e24485cea50d1cbac27 -> 
  custom:video-decoder-webm-vp8: 9c59270c3fd7afecdb556c50c9e8de78 -> 
  custom:audio-decoder-ogg-vorbis: bf7c407c2cedff20999df2af8eb42d56 -> 
========================================================================
Received Prepare
Registering precompiled user dll's ...
Registered in 0.002505 seconds.
Begin MonoManager ReloadAssembly
Symbol file LoadedFromMemory doesn't match image /Users/iankimble/Documents/Unity/Primitive_Museum_Gallery_Assignment/Library/PackageCache/com.unity.visualscripting@1.7.8/Editor/VisualScripting.Core/Dependencies/YamlDotNet/Unity.VisualScripting.YamlDotNet.dll
Symbol file LoadedFromMemory doesn't match image /Users/iankimble/Documents/Unity/Primitive_Museum_Gallery_Assignment/Library/PackageCache/com.unity.visualscripting@1.7.8/Editor/VisualScripting.Core/Dependencies/DotNetZip/Unity.VisualScripting.IonicZip.dll
Native extension for OSXStandalone target not found
Refreshing native plugins compatible for Editor in 1.14 ms, found 2 plugins.
Preloading 0 native plugins for Editor in 0.00 ms.
Mono: successfully reloaded assembly
- Completed reload, in  1.573 seconds
Domain Reload Profiling:
	ReloadAssembly (1574ms)
		BeginReloadAssembly (144ms)
			ExecutionOrderSort (0ms)
			DisableScriptedObjects (7ms)
			BackupInstance (0ms)
			ReleaseScriptingObjects (0ms)
			CreateAndSetChildDomain (54ms)
		EndReloadAssembly (1306ms)
			LoadAssemblies (72ms)
			RebuildTransferFunctionScriptingTraits (0ms)
			SetupTypeCache (349ms)
			ReleaseScriptCaches (2ms)
			RebuildScriptCaches (67ms)
			SetupLoadedEditorAssemblies (696ms)
				LogAssemblyErrors (0ms)
				InitializePlatformSupportModulesInManaged (16ms)
				SetLoadedEditorAssemblies (1ms)
				RefreshPlugins (1ms)
				BeforeProcessingInitializeOnLoad (99ms)
				ProcessInitializeOnLoadAttributes (506ms)
				ProcessInitializeOnLoadMethodAttributes (68ms)
				AfterProcessingInitializeOnLoad (4ms)
				EditorAssembliesLoaded (0ms)
			ExecutionOrderSort2 (0ms)
			AwakeInstancesAfterBackupRestoration (11ms)
Platform modules already initialized, skipping
Refreshing native plugins compatible for Editor in 3.03 ms, found 2 plugins.
Preloading 0 native plugins for Editor in 0.00 ms.
Unloading 3378 Unused Serialized files (Serialized files now loaded: 0)
Unloading 20 unused Assets / (71.3 KB). Loaded Objects now: 3852.
Memory consumption went from 233.9 MB to 233.8 MB.
Total: 4.880466 ms (FindLiveObjects: 0.373123 ms CreateObjectMapping: 0.156840 ms MarkObjects: 4.247356 ms  DeleteObjects: 0.101518 ms)

AssetImportParameters requested are different than current active one (requested -> active):
  custom:video-decoder-ogg-theora: a1e56fd34408186e4bbccfd4996cb3dc -> 
  custom:container-muxer-webm: aa71ff27fc2769a1b78a27578f13a17b -> 
  custom:container-demuxer-webm: 4f35f7cbe854078d1ac9338744f61a02 -> 
  custom:video-encoder-webm-vp8: eb34c28f22e8b96e1ab97ce403110664 -> 
  custom:framework-osx-AVFoundation: e770b220cccbd017edd2c1fefb359320 -> 
  custom:audio-encoder-webm-vorbis: bf7c407c2cedff20999df2af8eb42d56 -> 
  custom:container-demuxer-ogg: 62fdf1f143b41e24485cea50d1cbac27 -> 
  custom:video-decoder-webm-vp8: 9c59270c3fd7afecdb556c50c9e8de78 -> 
  custom:audio-decoder-ogg-vorbis: bf7c407c2cedff20999df2af8eb42d56 -> 
========================================================================
Received Prepare
Registering precompiled user dll's ...
Registered in 0.002628 seconds.
Begin MonoManager ReloadAssembly
Symbol file LoadedFromMemory doesn't match image /Users/iankimble/Documents/Unity/Primitive_Museum_Gallery_Assignment/Library/PackageCache/com.unity.visualscripting@1.7.8/Editor/VisualScripting.Core/Dependencies/YamlDotNet/Unity.VisualScripting.YamlDotNet.dll
Symbol file LoadedFromMemory doesn't match image /Users/iankimble/Documents/Unity/Primitive_Museum_Gallery_Assignment/Library/PackageCache/com.unity.visualscripting@1.7.8/Editor/VisualScripting.Core/Dependencies/DotNetZip/Unity.VisualScripting.IonicZip.dll
Native extension for OSXStandalone target not found
Refreshing native plugins compatible for Editor in 0.83 ms, found 2 plugins.
Preloading 0 native plugins for Editor in 0.00 ms.
Mono: successfully reloaded assembly
- Completed reload, in  1.552 seconds
Domain Reload Profiling:
	ReloadAssembly (1553ms)
		BeginReloadAssembly (145ms)
			ExecutionOrderSort (0ms)
			DisableScriptedObjects (7ms)
			BackupInstance (0ms)
			ReleaseScriptingObjects (0ms)
			CreateAndSetChildDomain (54ms)
		EndReloadAssembly (1286ms)
			LoadAssemblies (74ms)
			RebuildTransferFunctionScriptingTraits (0ms)
			SetupTypeCache (349ms)
			ReleaseScriptCaches (2ms)
			RebuildScriptCaches (63ms)
			SetupLoadedEditorAssemblies (685ms)
				LogAssemblyErrors (0ms)
				InitializePlatformSupportModulesInManaged (16ms)
				SetLoadedEditorAssemblies (1ms)
				RefreshPlugins (1ms)
				BeforeProcessingInitializeOnLoad (94ms)
				ProcessInitializeOnLoadAttributes (503ms)
				ProcessInitializeOnLoadMethodAttributes (69ms)
				AfterProcessingInitializeOnLoad (2ms)
				EditorAssembliesLoaded (0ms)
			ExecutionOrderSort2 (0ms)
			AwakeInstancesAfterBackupRestoration (12ms)
Platform modules already initialized, skipping
Refreshing native plugins compatible for Editor in 2.38 ms, found 2 plugins.
Preloading 0 native plugins for Editor in 0.00 ms.
Unloading 3378 Unused Serialized files (Serialized files now loaded: 0)
Unloading 20 unused Assets / (71.2 KB). Loaded Objects now: 3855.
Memory consumption went from 234.1 MB to 234.0 MB.
Total: 4.705917 ms (FindLiveObjects: 0.263473 ms CreateObjectMapping: 0.207917 ms MarkObjects: 4.111377 ms  DeleteObjects: 0.121641 ms)

AssetImportParameters requested are different than current active one (requested -> active):
  custom:video-decoder-ogg-theora: a1e56fd34408186e4bbccfd4996cb3dc -> 
  custom:container-muxer-webm: aa71ff27fc2769a1b78a27578f13a17b -> 
  custom:container-demuxer-webm: 4f35f7cbe854078d1ac9338744f61a02 -> 
  custom:video-encoder-webm-vp8: eb34c28f22e8b96e1ab97ce403110664 -> 
  custom:framework-osx-AVFoundation: e770b220cccbd017edd2c1fefb359320 -> 
  custom:audio-encoder-webm-vorbis: bf7c407c2cedff20999df2af8eb42d56 -> 
  custom:container-demuxer-ogg: 62fdf1f143b41e24485cea50d1cbac27 -> 
  custom:video-decoder-webm-vp8: 9c59270c3fd7afecdb556c50c9e8de78 -> 
  custom:audio-decoder-ogg-vorbis: bf7c407c2cedff20999df2af8eb42d56 -> 
========================================================================
Received Prepare
Registering precompiled user dll's ...
Registered in 0.002146 seconds.
Begin MonoManager ReloadAssembly
Symbol file LoadedFromMemory doesn't match image /Users/iankimble/Documents/Unity/Primitive_Museum_Gallery_Assignment/Library/PackageCache/com.unity.visualscripting@1.7.8/Editor/VisualScripting.Core/Dependencies/YamlDotNet/Unity.VisualScripting.YamlDotNet.dll
Symbol file LoadedFromMemory doesn't match image /Users/iankimble/Documents/Unity/Primitive_Museum_Gallery_Assignment/Library/PackageCache/com.unity.visualscripting@1.7.8/Editor/VisualScripting.Core/Dependencies/DotNetZip/Unity.VisualScripting.IonicZip.dll
Native extension for OSXStandalone target not found
Refreshing native plugins compatible for Editor in 0.84 ms, found 2 plugins.
Preloading 0 native plugins for Editor in 0.00 ms.
Mono: successfully reloaded assembly
- Completed reload, in  1.435 seconds
Domain Reload Profiling:
	ReloadAssembly (1437ms)
		BeginReloadAssembly (130ms)
			ExecutionOrderSort (0ms)
			DisableScriptedObjects (6ms)
			BackupInstance (0ms)
			ReleaseScriptingObjects (0ms)
			CreateAndSetChildDomain (47ms)
		EndReloadAssembly (1194ms)
			LoadAssemblies (66ms)
			RebuildTransferFunctionScriptingTraits (0ms)
			SetupTypeCache (325ms)
			ReleaseScriptCaches (1ms)
			RebuildScriptCaches (66ms)
			SetupLoadedEditorAssemblies (621ms)
				LogAssemblyErrors (0ms)
				InitializePlatformSupportModulesInManaged (17ms)
				SetLoadedEditorAssemblies (1ms)
				RefreshPlugins (1ms)
				BeforeProcessingInitializeOnLoad (95ms)
				ProcessInitializeOnLoadAttributes (447ms)
				ProcessInitializeOnLoadMethodAttributes (58ms)
				AfterProcessingInitializeOnLoad (2ms)
				EditorAssembliesLoaded (0ms)
			ExecutionOrderSort2 (0ms)
			AwakeInstancesAfterBackupRestoration (9ms)
Platform modules already initialized, skipping
Refreshing native plugins compatible for Editor in 2.07 ms, found 2 plugins.
Preloading 0 native plugins for Editor in 0.00 ms.
Unloading 3378 Unused Serialized files (Serialized files now loaded: 0)
Unloading 20 unused Assets / (71.2 KB). Loaded Objects now: 3858.
Memory consumption went from 234.3 MB to 234.2 MB.
Total: 4.743731 ms (FindLiveObjects: 0.327783 ms CreateObjectMapping: 0.252767 ms MarkObjects: 4.056205 ms  DeleteObjects: 0.105661 ms)

AssetImportParameters requested are different than current active one (requested -> active):
  custom:video-decoder-ogg-theora: a1e56fd34408186e4bbccfd4996cb3dc -> 
  custom:container-muxer-webm: aa71ff27fc2769a1b78a27578f13a17b -> 
  custom:container-demuxer-webm: 4f35f7cbe854078d1ac9338744f61a02 -> 
  custom:video-encoder-webm-vp8: eb34c28f22e8b96e1ab97ce403110664 -> 
  custom:framework-osx-AVFoundation: e770b220cccbd017edd2c1fefb359320 -> 
  custom:audio-encoder-webm-vorbis: bf7c407c2cedff20999df2af8eb42d56 -> 
  custom:container-demuxer-ogg: 62fdf1f143b41e24485cea50d1cbac27 -> 
  custom:video-decoder-webm-vp8: 9c59270c3fd7afecdb556c50c9e8de78 -> 
  custom:audio-decoder-ogg-vorbis: bf7c407c2cedff20999df2af8eb42d56 -> 
========================================================================
Received Prepare
Registering precompiled user dll's ...
Registered in 0.002875 seconds.
Begin MonoManager ReloadAssembly
Symbol file LoadedFromMemory doesn't match image /Users/iankimble/Documents/Unity/Primitive_Museum_Gallery_Assignment/Library/PackageCache/com.unity.visualscripting@1.7.8/Editor/VisualScripting.Core/Dependencies/YamlDotNet/Unity.VisualScripting.YamlDotNet.dll
Symbol file LoadedFromMemory doesn't match image /Users/iankimble/Documents/Unity/Primitive_Museum_Gallery_Assignment/Library/PackageCache/com.unity.visualscripting@1.7.8/Editor/VisualScripting.Core/Dependencies/DotNetZip/Unity.VisualScripting.IonicZip.dll
Native extension for OSXStandalone target not found
Refreshing native plugins compatible for Editor in 1.01 ms, found 2 plugins.
Preloading 0 native plugins for Editor in 0.00 ms.
Mono: successfully reloaded assembly
- Completed reload, in  1.493 seconds
Domain Reload Profiling:
	ReloadAssembly (1495ms)
		BeginReloadAssembly (135ms)
			ExecutionOrderSort (0ms)
			DisableScriptedObjects (6ms)
			BackupInstance (0ms)
			ReleaseScriptingObjects (0ms)
			CreateAndSetChildDomain (50ms)
		EndReloadAssembly (1250ms)
			LoadAssemblies (66ms)
			RebuildTransferFunctionScriptingTraits (0ms)
			SetupTypeCache (325ms)
			ReleaseScriptCaches (1ms)
			RebuildScriptCaches (60ms)
			SetupLoadedEditorAssemblies (682ms)
				LogAssemblyErrors (0ms)
				InitializePlatformSupportModulesInManaged (18ms)
				SetLoadedEditorAssemblies (1ms)
				RefreshPlugins (1ms)
				BeforeProcessingInitializeOnLoad (110ms)
				ProcessInitializeOnLoadAttributes (488ms)
				ProcessInitializeOnLoadMethodAttributes (61ms)
				AfterProcessingInitializeOnLoad (2ms)
				EditorAssembliesLoaded (0ms)
			ExecutionOrderSort2 (0ms)
			AwakeInstancesAfterBackupRestoration (9ms)
Platform modules already initialized, skipping
Refreshing native plugins compatible for Editor in 1.92 ms, found 2 plugins.
Preloading 0 native plugins for Editor in 0.00 ms.
Unloading 3378 Unused Serialized files (Serialized files now loaded: 0)
Unloading 20 unused Assets / (73.1 KB). Loaded Objects now: 3861.
Memory consumption went from 234.5 MB to 234.4 MB.
Total: 5.644659 ms (FindLiveObjects: 0.296472 ms CreateObjectMapping: 0.408251 ms MarkObjects: 4.775872 ms  DeleteObjects: 0.162971 ms)

AssetImportParameters requested are different than current active one (requested -> active):
  custom:video-decoder-ogg-theora: a1e56fd34408186e4bbccfd4996cb3dc -> 
  custom:container-muxer-webm: aa71ff27fc2769a1b78a27578f13a17b -> 
  custom:container-demuxer-webm: 4f35f7cbe854078d1ac9338744f61a02 -> 
  custom:video-encoder-webm-vp8: eb34c28f22e8b96e1ab97ce403110664 -> 
  custom:framework-osx-AVFoundation: e770b220cccbd017edd2c1fefb359320 -> 
  custom:audio-encoder-webm-vorbis: bf7c407c2cedff20999df2af8eb42d56 -> 
  custom:container-demuxer-ogg: 62fdf1f143b41e24485cea50d1cbac27 -> 
  custom:video-decoder-webm-vp8: 9c59270c3fd7afecdb556c50c9e8de78 -> 
  custom:audio-decoder-ogg-vorbis: bf7c407c2cedff20999df2af8eb42d56 -> 
========================================================================
Received Prepare
Registering precompiled user dll's ...
Registered in 0.002377 seconds.
Begin MonoManager ReloadAssembly
Symbol file LoadedFromMemory doesn't match image /Users/iankimble/Documents/Unity/Primitive_Museum_Gallery_Assignment/Library/PackageCache/com.unity.visualscripting@1.7.8/Editor/VisualScripting.Core/Dependencies/YamlDotNet/Unity.VisualScripting.YamlDotNet.dll
Symbol file LoadedFromMemory doesn't match image /Users/iankimble/Documents/Unity/Primitive_Museum_Gallery_Assignment/Library/PackageCache/com.unity.visualscripting@1.7.8/Editor/VisualScripting.Core/Dependencies/DotNetZip/Unity.VisualScripting.IonicZip.dll
Native extension for OSXStandalone target not found
Refreshing native plugins compatible for Editor in 0.97 ms, found 2 plugins.
Preloading 0 native plugins for Editor in 0.00 ms.
Mono: successfully reloaded assembly
- Completed reload, in  1.418 seconds
Domain Reload Profiling:
	ReloadAssembly (1419ms)
		BeginReloadAssembly (130ms)
			ExecutionOrderSort (0ms)
			DisableScriptedObjects (7ms)
			BackupInstance (0ms)
			ReleaseScriptingObjects (0ms)
			CreateAndSetChildDomain (49ms)
		EndReloadAssembly (1178ms)
			LoadAssemblies (64ms)
			RebuildTransferFunctionScriptingTraits (0ms)
			SetupTypeCache (320ms)
			ReleaseScriptCaches (1ms)
			RebuildScriptCaches (58ms)
			SetupLoadedEditorAssemblies (623ms)
				LogAssemblyErrors (0ms)
				InitializePlatformSupportModulesInManaged (14ms)
				SetLoadedEditorAssemblies (1ms)
				RefreshPlugins (1ms)
				BeforeProcessingInitializeOnLoad (89ms)
				ProcessInitializeOnLoadAttributes (459ms)
				ProcessInitializeOnLoadMethodAttributes (57ms)
				AfterProcessingInitializeOnLoad (2ms)
				EditorAssembliesLoaded (1ms)
			ExecutionOrderSort2 (0ms)
			AwakeInstancesAfterBackupRestoration (9ms)
Platform modules already initialized, skipping
Refreshing native plugins compatible for Editor in 2.57 ms, found 2 plugins.
Preloading 0 native plugins for Editor in 0.00 ms.
Unloading 3378 Unused Serialized files (Serialized files now loaded: 0)
Unloading 20 unused Assets / (71.2 KB). Loaded Objects now: 3864.
Memory consumption went from 234.7 MB to 234.6 MB.
Total: 5.010908 ms (FindLiveObjects: 0.405519 ms CreateObjectMapping: 0.364690 ms MarkObjects: 4.076649 ms  DeleteObjects: 0.162831 ms)

AssetImportParameters requested are different than current active one (requested -> active):
  custom:video-decoder-ogg-theora: a1e56fd34408186e4bbccfd4996cb3dc -> 
  custom:container-muxer-webm: aa71ff27fc2769a1b78a27578f13a17b -> 
  custom:container-demuxer-webm: 4f35f7cbe854078d1ac9338744f61a02 -> 
  custom:video-encoder-webm-vp8: eb34c28f22e8b96e1ab97ce403110664 -> 
  custom:framework-osx-AVFoundation: e770b220cccbd017edd2c1fefb359320 -> 
  custom:audio-encoder-webm-vorbis: bf7c407c2cedff20999df2af8eb42d56 -> 
  custom:container-demuxer-ogg: 62fdf1f143b41e24485cea50d1cbac27 -> 
  custom:video-decoder-webm-vp8: 9c59270c3fd7afecdb556c50c9e8de78 -> 
  custom:audio-decoder-ogg-vorbis: bf7c407c2cedff20999df2af8eb42d56 -> 
========================================================================
Received Prepare
Registering precompiled user dll's ...
Registered in 0.002228 seconds.
Begin MonoManager ReloadAssembly
Symbol file LoadedFromMemory doesn't match image /Users/iankimble/Documents/Unity/Primitive_Museum_Gallery_Assignment/Library/PackageCache/com.unity.visualscripting@1.7.8/Editor/VisualScripting.Core/Dependencies/YamlDotNet/Unity.VisualScripting.YamlDotNet.dll
Symbol file LoadedFromMemory doesn't match image /Users/iankimble/Documents/Unity/Primitive_Museum_Gallery_Assignment/Library/PackageCache/com.unity.visualscripting@1.7.8/Editor/VisualScripting.Core/Dependencies/DotNetZip/Unity.VisualScripting.IonicZip.dll
Native extension for OSXStandalone target not found
Refreshing native plugins compatible for Editor in 0.82 ms, found 2 plugins.
Preloading 0 native plugins for Editor in 0.00 ms.
Mono: successfully reloaded assembly
- Completed reload, in  1.429 seconds
Domain Reload Profiling:
	ReloadAssembly (1430ms)
		BeginReloadAssembly (134ms)
			ExecutionOrderSort (0ms)
			DisableScriptedObjects (6ms)
			BackupInstance (0ms)
			ReleaseScriptingObjects (0ms)
			CreateAndSetChildDomain (49ms)
		EndReloadAssembly (1187ms)
			LoadAssemblies (68ms)
			RebuildTransferFunctionScriptingTraits (0ms)
			SetupTypeCache (308ms)
			ReleaseScriptCaches (2ms)
			RebuildScriptCaches (73ms)
			SetupLoadedEditorAssemblies (629ms)
				LogAssemblyErrors (0ms)
				InitializePlatformSupportModulesInManaged (15ms)
				SetLoadedEditorAssemblies (1ms)
				RefreshPlugins (1ms)
				BeforeProcessingInitializeOnLoad (92ms)
				ProcessInitializeOnLoadAttributes (457ms)
				ProcessInitializeOnLoadMethodAttributes (59ms)
				AfterProcessingInitializeOnLoad (2ms)
				EditorAssembliesLoaded (0ms)
			ExecutionOrderSort2 (0ms)
			AwakeInstancesAfterBackupRestoration (9ms)
Platform modules already initialized, skipping
Refreshing native plugins compatible for Editor in 2.03 ms, found 2 plugins.
Preloading 0 native plugins for Editor in 0.00 ms.
Unloading 3378 Unused Serialized files (Serialized files now loaded: 0)
Unloading 20 unused Assets / (71.2 KB). Loaded Objects now: 3867.
Memory consumption went from 234.9 MB to 234.8 MB.
Total: 5.024308 ms (FindLiveObjects: 0.363421 ms CreateObjectMapping: 0.183097 ms MarkObjects: 4.310105 ms  DeleteObjects: 0.165657 ms)

AssetImportParameters requested are different than current active one (requested -> active):
  custom:video-decoder-ogg-theora: a1e56fd34408186e4bbccfd4996cb3dc -> 
  custom:container-muxer-webm: aa71ff27fc2769a1b78a27578f13a17b -> 
  custom:container-demuxer-webm: 4f35f7cbe854078d1ac9338744f61a02 -> 
  custom:video-encoder-webm-vp8: eb34c28f22e8b96e1ab97ce403110664 -> 
  custom:framework-osx-AVFoundation: e770b220cccbd017edd2c1fefb359320 -> 
  custom:audio-encoder-webm-vorbis: bf7c407c2cedff20999df2af8eb42d56 -> 
  custom:container-demuxer-ogg: 62fdf1f143b41e24485cea50d1cbac27 -> 
  custom:video-decoder-webm-vp8: 9c59270c3fd7afecdb556c50c9e8de78 -> 
  custom:audio-decoder-ogg-vorbis: bf7c407c2cedff20999df2af8eb42d56 -> 
========================================================================
Received Prepare
Registering precompiled user dll's ...
Registered in 0.002634 seconds.
Begin MonoManager ReloadAssembly
Symbol file LoadedFromMemory doesn't match image /Users/iankimble/Documents/Unity/Primitive_Museum_Gallery_Assignment/Library/PackageCache/com.unity.visualscripting@1.7.8/Editor/VisualScripting.Core/Dependencies/YamlDotNet/Unity.VisualScripting.YamlDotNet.dll
Symbol file LoadedFromMemory doesn't match image /Users/iankimble/Documents/Unity/Primitive_Museum_Gallery_Assignment/Library/PackageCache/com.unity.visualscripting@1.7.8/Editor/VisualScripting.Core/Dependencies/DotNetZip/Unity.VisualScripting.IonicZip.dll
Native extension for OSXStandalone target not found
Refreshing native plugins compatible for Editor in 1.17 ms, found 2 plugins.
Preloading 0 native plugins for Editor in 0.00 ms.
Mono: successfully reloaded assembly
- Completed reload, in  1.438 seconds
Domain Reload Profiling:
	ReloadAssembly (1439ms)
		BeginReloadAssembly (134ms)
			ExecutionOrderSort (0ms)
			DisableScriptedObjects (6ms)
			BackupInstance (0ms)
			ReleaseScriptingObjects (0ms)
			CreateAndSetChildDomain (49ms)
		EndReloadAssembly (1195ms)
			LoadAssemblies (68ms)
			RebuildTransferFunctionScriptingTraits (0ms)
			SetupTypeCache (305ms)
			ReleaseScriptCaches (1ms)
			RebuildScriptCaches (68ms)
			SetupLoadedEditorAssemblies (640ms)
				LogAssemblyErrors (0ms)
				InitializePlatformSupportModulesInManaged (15ms)
				SetLoadedEditorAssemblies (1ms)
				RefreshPlugins (1ms)
				BeforeProcessingInitializeOnLoad (95ms)
				ProcessInitializeOnLoadAttributes (465ms)
				ProcessInitializeOnLoadMethodAttributes (60ms)
				AfterProcessingInitializeOnLoad (2ms)
				EditorAssembliesLoaded (1ms)
			ExecutionOrderSort2 (0ms)
			AwakeInstancesAfterBackupRestoration (8ms)
Platform modules already initialized, skipping
Refreshing native plugins compatible for Editor in 2.39 ms, found 2 plugins.
Preloading 0 native plugins for Editor in 0.00 ms.
Unloading 3378 Unused Serialized files (Serialized files now loaded: 0)
Unloading 20 unused Assets / (71.3 KB). Loaded Objects now: 3870.
Memory consumption went from 235.1 MB to 235.0 MB.
Total: 5.417852 ms (FindLiveObjects: 0.361379 ms CreateObjectMapping: 0.234436 ms MarkObjects: 4.460445 ms  DeleteObjects: 0.354397 ms)

AssetImportParameters requested are different than current active one (requested -> active):
  custom:video-decoder-ogg-theora: a1e56fd34408186e4bbccfd4996cb3dc -> 
  custom:container-muxer-webm: aa71ff27fc2769a1b78a27578f13a17b -> 
  custom:container-demuxer-webm: 4f35f7cbe854078d1ac9338744f61a02 -> 
  custom:video-encoder-webm-vp8: eb34c28f22e8b96e1ab97ce403110664 -> 
  custom:framework-osx-AVFoundation: e770b220cccbd017edd2c1fefb359320 -> 
  custom:audio-encoder-webm-vorbis: bf7c407c2cedff20999df2af8eb42d56 -> 
  custom:container-demuxer-ogg: 62fdf1f143b41e24485cea50d1cbac27 -> 
  custom:video-decoder-webm-vp8: 9c59270c3fd7afecdb556c50c9e8de78 -> 
  custom:audio-decoder-ogg-vorbis: bf7c407c2cedff20999df2af8eb42d56 -> 
========================================================================
Received Prepare
Registering precompiled user dll's ...
Registered in 0.002419 seconds.
Begin MonoManager ReloadAssembly
Symbol file LoadedFromMemory doesn't match image /Users/iankimble/Documents/Unity/Primitive_Museum_Gallery_Assignment/Library/PackageCache/com.unity.visualscripting@1.7.8/Editor/VisualScripting.Core/Dependencies/YamlDotNet/Unity.VisualScripting.YamlDotNet.dll
Symbol file LoadedFromMemory doesn't match image /Users/iankimble/Documents/Unity/Primitive_Museum_Gallery_Assignment/Library/PackageCache/com.unity.visualscripting@1.7.8/Editor/VisualScripting.Core/Dependencies/DotNetZip/Unity.VisualScripting.IonicZip.dll
Native extension for OSXStandalone target not found
Refreshing native plugins compatible for Editor in 0.51 ms, found 2 plugins.
Preloading 0 native plugins for Editor in 0.00 ms.
Mono: successfully reloaded assembly
- Completed reload, in  1.161 seconds
Domain Reload Profiling:
	ReloadAssembly (1162ms)
		BeginReloadAssembly (129ms)
			ExecutionOrderSort (0ms)
			DisableScriptedObjects (6ms)
			BackupInstance (0ms)
			ReleaseScriptingObjects (0ms)
			CreateAndSetChildDomain (47ms)
		EndReloadAssembly (927ms)
			LoadAssemblies (67ms)
			RebuildTransferFunctionScriptingTraits (0ms)
			SetupTypeCache (298ms)
			ReleaseScriptCaches (1ms)
			RebuildScriptCaches (58ms)
			SetupLoadedEditorAssemblies (436ms)
				LogAssemblyErrors (0ms)
				InitializePlatformSupportModulesInManaged (9ms)
				SetLoadedEditorAssemblies (1ms)
				RefreshPlugins (1ms)
				BeforeProcessingInitializeOnLoad (59ms)
				ProcessInitializeOnLoadAttributes (326ms)
				ProcessInitializeOnLoadMethodAttributes (40ms)
				AfterProcessingInitializeOnLoad (1ms)
				EditorAssembliesLoaded (0ms)
			ExecutionOrderSort2 (0ms)
			AwakeInstancesAfterBackupRestoration (5ms)
Platform modules already initialized, skipping
Refreshing native plugins compatible for Editor in 1.37 ms, found 2 plugins.
Preloading 0 native plugins for Editor in 0.00 ms.
Unloading 3376 Unused Serialized files (Serialized files now loaded: 0)
Unloading 22 unused Assets / (71.2 KB). Loaded Objects now: 3871.
Memory consumption went from 235.3 MB to 235.2 MB.
Total: 3.681179 ms (FindLiveObjects: 0.400921 ms CreateObjectMapping: 0.190502 ms MarkObjects: 2.934389 ms  DeleteObjects: 0.154395 ms)

AssetImportParameters requested are different than current active one (requested -> active):
  custom:video-decoder-ogg-theora: a1e56fd34408186e4bbccfd4996cb3dc -> 
  custom:container-muxer-webm: aa71ff27fc2769a1b78a27578f13a17b -> 
  custom:container-demuxer-webm: 4f35f7cbe854078d1ac9338744f61a02 -> 
  custom:video-encoder-webm-vp8: eb34c28f22e8b96e1ab97ce403110664 -> 
  custom:framework-osx-AVFoundation: e770b220cccbd017edd2c1fefb359320 -> 
  custom:audio-encoder-webm-vorbis: bf7c407c2cedff20999df2af8eb42d56 -> 
  custom:container-demuxer-ogg: 62fdf1f143b41e24485cea50d1cbac27 -> 
  custom:video-decoder-webm-vp8: 9c59270c3fd7afecdb556c50c9e8de78 -> 
  custom:audio-decoder-ogg-vorbis: bf7c407c2cedff20999df2af8eb42d56 -> 
========================================================================
Received Import Request.
  Time since last request: 3264.229038 seconds.
  path: Assets/Models/pedestal.fbx
  artifactKey: Guid(809e204116c6d4a52b453b74a300a866) Importer(815301076,1909f56bfc062723c751e8b465ee728b)
Start importing Assets/Models/pedestal.fbx using Guid(809e204116c6d4a52b453b74a300a866) Importer(815301076,1909f56bfc062723c751e8b465ee728b)  -> (artifact id: 'aaca40b664965770f6321c0184cdd395') in 1.696451 seconds 
========================================================================
Received Import Request.
  Time since last request: 0.000148 seconds.
  path: Assets/BrokenVector_Rocks/LowPolyRockPack/Prefabs/Rock Type1 03.prefab
  artifactKey: Guid(85f4229977c9ee247bc4425710c5b0c4) Importer(815301076,1909f56bfc062723c751e8b465ee728b)
Start importing Assets/BrokenVector_Rocks/LowPolyRockPack/Prefabs/Rock Type1 03.prefab using Guid(85f4229977c9ee247bc4425710c5b0c4) Importer(815301076,1909f56bfc062723c751e8b465ee728b)  -> (artifact id: '4a7b1d2e300c6eebd7ebaaa855f2a32b') in 0.672299 seconds 
========================================================================
Received Import Request.
  Time since last request: 0.000165 seconds.
  path: Assets/Materials/Marble.mat
  artifactKey: Guid(b944498c7e4b3436d8025942daa7774f) Importer(815301076,1909f56bfc062723c751e8b465ee728b)
Start importing Assets/Materials/Marble.mat using Guid(b944498c7e4b3436d8025942daa7774f) Importer(815301076,1909f56bfc062723c751e8b465ee728b)  -> (artifact id: '39ff35a1e137c2234db2268ea17ea3b9') in 0.425271 seconds 
========================================================================
Received Import Request.
  Time since last request: 0.000185 seconds.
  path: Assets/Normal Maps/Concrete_Normal.jpg
  artifactKey: Guid(642407b6f627649288ab619168aee652) Importer(815301076,1909f56bfc062723c751e8b465ee728b)
Start importing Assets/Normal Maps/Concrete_Normal.jpg using Guid(642407b6f627649288ab619168aee652) Importer(815301076,1909f56bfc062723c751e8b465ee728b)  -> (artifact id: '51328970c0e3a7cab3011338cb8c9107') in 0.486972 seconds 
========================================================================
Received Import Request.
  Time since last request: 0.000290 seconds.
  path: Assets/Scenes/PrimitivesGallery.unity
  artifactKey: Guid(2043dfe366f3d4d41b75e890b658be85) Importer(815301076,1909f56bfc062723c751e8b465ee728b)
Start importing Assets/Scenes/PrimitivesGallery.unity using Guid(2043dfe366f3d4d41b75e890b658be85) Importer(815301076,1909f56bfc062723c751e8b465ee728b)  -> (artifact id: '3b02e46a1936f0a2195f93d483917f3f') in 0.001010 seconds 
========================================================================
Received Import Request.
  Time since last request: 0.000125 seconds.
  path: Assets/BrokenVector_Rocks/LowPolyRockPack/Models/Rock Type4 02.dae
  artifactKey: Guid(2aeea187d4a9dce4da2f26d62f5bbc96) Importer(815301076,1909f56bfc062723c751e8b465ee728b)
Start importing Assets/BrokenVector_Rocks/LowPolyRockPack/Models/Rock Type4 02.dae using Guid(2aeea187d4a9dce4da2f26d62f5bbc96) Importer(815301076,1909f56bfc062723c751e8b465ee728b)  -> (artifact id: 'ee839fa890e9c681efa557318435656c') in 2.097987 seconds 
========================================================================
Received Import Request.
  Time since last request: 0.000166 seconds.
  path: Assets/BrokenVector_Rocks/LowPolyRockPack/Models/Rock Type2 04.dae
  artifactKey: Guid(19497d68b37d2594fb3e269601d333be) Importer(815301076,1909f56bfc062723c751e8b465ee728b)
Start importing Assets/BrokenVector_Rocks/LowPolyRockPack/Models/Rock Type2 04.dae using Guid(19497d68b37d2594fb3e269601d333be) Importer(815301076,1909f56bfc062723c751e8b465ee728b)  -> (artifact id: '281dc5d5852a0cd2c80dd6553d980611') in 0.017805 seconds 
========================================================================
Received Import Request.
  Time since last request: 0.000083 seconds.
  path: Assets/BrokenVector_Rocks/LowPolyRockPack/Materials/Green.mat
  artifactKey: Guid(58580be5a1ee44d42a9966d48abb8758) Importer(815301076,1909f56bfc062723c751e8b465ee728b)
Start importing Assets/BrokenVector_Rocks/LowPolyRockPack/Materials/Green.mat using Guid(58580be5a1ee44d42a9966d48abb8758) Importer(815301076,1909f56bfc062723c751e8b465ee728b)  -> (artifact id: '4a48cf3e91b010d6e34c05af7c2c5943') in 0.011351 seconds 
========================================================================
Received Import Request.
  Time since last request: 0.000195 seconds.
  path: Assets/BrokenVector_Rocks/LowPolyRockPack/Materials/Grey.mat
  artifactKey: Guid(18ec5123ab1b37446998bf1b1228a0c0) Importer(815301076,1909f56bfc062723c751e8b465ee728b)
Start importing Assets/BrokenVector_Rocks/LowPolyRockPack/Materials/Grey.mat using Guid(18ec5123ab1b37446998bf1b1228a0c0) Importer(815301076,1909f56bfc062723c751e8b465ee728b)  -> (artifact id: 'b93778a97c7aa2d793d85b5cd4dde3d7') in 0.011622 seconds 
========================================================================
Received Import Request.
  Time since last request: 0.000070 seconds.
  path: Assets/BrokenVector_Rocks/LowPolyRockPack/Textures/Colorsheet Rock Green.png
  artifactKey: Guid(261daef070ff0384db9965e419ec9f35) Importer(815301076,1909f56bfc062723c751e8b465ee728b)
Start importing Assets/BrokenVector_Rocks/LowPolyRockPack/Textures/Colorsheet Rock Green.png using Guid(261daef070ff0384db9965e419ec9f35) Importer(815301076,1909f56bfc062723c751e8b465ee728b)  -> (artifact id: '6695930b38c1337431811a08b2aff674') in 1.063181 seconds 
========================================================================
Received Import Request.
  Time since last request: 0.000132 seconds.
  path: Assets/BrokenVector_Rocks/LowPolyRockPack/Models/Rock Type2 02.dae
  artifactKey: Guid(815ec0c049d4ec849bd4960c32e13ec2) Importer(815301076,1909f56bfc062723c751e8b465ee728b)
Start importing Assets/BrokenVector_Rocks/LowPolyRockPack/Models/Rock Type2 02.dae using Guid(815ec0c049d4ec849bd4960c32e13ec2) Importer(815301076,1909f56bfc062723c751e8b465ee728b)  -> (artifact id: '11fe7443579f8d1e1e893cdccd565b98') in 0.018520 seconds 
========================================================================
Received Import Request.
  Time since last request: 0.000263 seconds.
  path: Assets/BrokenVector_Rocks/LowPolyRockPack/Prefabs/Rock Type2 04.prefab
  artifactKey: Guid(5578b82f17c954843901e8b68ca21dcc) Importer(815301076,1909f56bfc062723c751e8b465ee728b)
Start importing Assets/BrokenVector_Rocks/LowPolyRockPack/Prefabs/Rock Type2 04.prefab using Guid(5578b82f17c954843901e8b68ca21dcc) Importer(815301076,1909f56bfc062723c751e8b465ee728b)  -> (artifact id: '5187ee77deaf3171f1514fffceeafc6a') in 0.010409 seconds 
========================================================================
Received Import Request.
  Time since last request: 0.000138 seconds.
  path: Assets/Prefabs/pedestal.prefab
  artifactKey: Guid(049f5bbb0b7ce4cd998f28e79d2f83fb) Importer(815301076,1909f56bfc062723c751e8b465ee728b)
Start importing Assets/Prefabs/pedestal.prefab using Guid(049f5bbb0b7ce4cd998f28e79d2f83fb) Importer(815301076,1909f56bfc062723c751e8b465ee728b)  -> (artifact id: '5fb8d7d07a35f523a11fa5d88e22cc45') in 0.012688 seconds 
========================================================================
Received Import Request.
  Time since last request: 0.000229 seconds.
  path: Assets/BrokenVector_Rocks/LowPolyRockPack/Prefabs/Rock Type6 04.prefab
  artifactKey: Guid(7710ce4a7ee932b4a86742119e3babae) Importer(815301076,1909f56bfc062723c751e8b465ee728b)
Start importing Assets/BrokenVector_Rocks/LowPolyRockPack/Prefabs/Rock Type6 04.prefab using Guid(7710ce4a7ee932b4a86742119e3babae) Importer(815301076,1909f56bfc062723c751e8b465ee728b)  -> (artifact id: '353545330f456382a5585cc382f14889') in 0.012673 seconds 
========================================================================
Received Import Request.
  Time since last request: 0.000115 seconds.
  path: Assets/BrokenVector_Rocks/LowPolyRockPack/Prefabs/Rock Type1 04.prefab
  artifactKey: Guid(105b83a46d287294bbe7892a1e1f2ea3) Importer(815301076,1909f56bfc062723c751e8b465ee728b)
Start importing Assets/BrokenVector_Rocks/LowPolyRockPack/Prefabs/Rock Type1 04.prefab using Guid(105b83a46d287294bbe7892a1e1f2ea3) Importer(815301076,1909f56bfc062723c751e8b465ee728b)  -> (artifact id: '94d6c1587c90730f2f639d06da50e811') in 0.010560 seconds 
========================================================================
Received Import Request.
  Time since last request: 0.000176 seconds.
  path: Assets/BrokenVector_Rocks/LowPolyRockPack/Models/Rock Type1 03.dae
  artifactKey: Guid(9d775005a3ddca74096b475e99b14c13) Importer(815301076,1909f56bfc062723c751e8b465ee728b)
Start importing Assets/BrokenVector_Rocks/LowPolyRockPack/Models/Rock Type1 03.dae using Guid(9d775005a3ddca74096b475e99b14c13) Importer(815301076,1909f56bfc062723c751e8b465ee728b)  -> (artifact id: '043585218099e00c4769bcb98d7690d4') in 0.014963 seconds 
========================================================================
Received Import Request.
  Time since last request: 0.000076 seconds.
  path: Assets/BrokenVector_Rocks/LowPolyRockPack/Models/Rock Type6 04.dae
  artifactKey: Guid(c4534353dff9c6c468c490e0560f8f91) Importer(815301076,1909f56bfc062723c751e8b465ee728b)
Start importing Assets/BrokenVector_Rocks/LowPolyRockPack/Models/Rock Type6 04.dae using Guid(c4534353dff9c6c468c490e0560f8f91) Importer(815301076,1909f56bfc062723c751e8b465ee728b)  -> (artifact id: '050b7a11b37751e37f8c0daeed6c871a') in 0.017862 seconds 
========================================================================
Received Import Request.
  Time since last request: 0.000097 seconds.
  path: Assets/BrokenVector_Rocks/LowPolyRockPack/Prefabs/Rock Type4 02.prefab
  artifactKey: Guid(3a699487877e77b439ff09deb77625e5) Importer(815301076,1909f56bfc062723c751e8b465ee728b)
Start importing Assets/BrokenVector_Rocks/LowPolyRockPack/Prefabs/Rock Type4 02.prefab using Guid(3a699487877e77b439ff09deb77625e5) Importer(815301076,1909f56bfc062723c751e8b465ee728b)  -> (artifact id: '28feae94d4b2cedabeef51bb210f77ce') in 0.013461 seconds 
========================================================================
Received Import Request.
  Time since last request: 0.000091 seconds.
  path: Assets/Scripts/CameraManager.cs
  artifactKey: Guid(51eac216bc73141f5a6c91f7807c136b) Importer(815301076,1909f56bfc062723c751e8b465ee728b)
Start importing Assets/Scripts/CameraManager.cs using Guid(51eac216bc73141f5a6c91f7807c136b) Importer(815301076,1909f56bfc062723c751e8b465ee728b)  -> (artifact id: '28214788d701ca385a8331522bd7f9f1') in 0.291941 seconds 
========================================================================
Received Import Request.
  Time since last request: 0.000182 seconds.
  path: Assets/Textures/Marble.jpeg
  artifactKey: Guid(e70870be29de34c9bbd5f72d13a4838e) Importer(815301076,1909f56bfc062723c751e8b465ee728b)
Start importing Assets/Textures/Marble.jpeg using Guid(e70870be29de34c9bbd5f72d13a4838e) Importer(815301076,1909f56bfc062723c751e8b465ee728b)  -> (artifact id: 'e33895d1041a272fe19e81ece265926e') in 1.072212 seconds 
========================================================================
Received Import Request.
  Time since last request: 0.000100 seconds.
  path: Assets/Normal Maps/Marble_Normal.jpg
  artifactKey: Guid(556c495d8bbbc4a79bcb5befab43a910) Importer(815301076,1909f56bfc062723c751e8b465ee728b)
Start importing Assets/Normal Maps/Marble_Normal.jpg using Guid(556c495d8bbbc4a79bcb5befab43a910) Importer(815301076,1909f56bfc062723c751e8b465ee728b)  -> (artifact id: 'd177389880d4567d1f5588eb27182d02') in 0.012066 seconds 
========================================================================
Received Import Request.
  Time since last request: 0.000184 seconds.
  path: Assets/BrokenVector_Rocks/LowPolyRockPack/Models/Rock Type1 04.dae
  artifactKey: Guid(50c02f0fd54eb9f4f8869a398c63d3d0) Importer(815301076,1909f56bfc062723c751e8b465ee728b)
Start importing Assets/BrokenVector_Rocks/LowPolyRockPack/Models/Rock Type1 04.dae using Guid(50c02f0fd54eb9f4f8869a398c63d3d0) Importer(815301076,1909f56bfc062723c751e8b465ee728b)  -> (artifact id: 'bec152ce3266c361104991606a2870b6') in 0.014583 seconds 
========================================================================
Received Import Request.
  Time since last request: 0.000067 seconds.
  path: Assets/BrokenVector_Rocks/LowPolyRockPack/Textures/Colorsheet Rock Grey.png
  artifactKey: Guid(6eb1476b439514548903a089becbf46a) Importer(815301076,1909f56bfc062723c751e8b465ee728b)
Start importing Assets/BrokenVector_Rocks/LowPolyRockPack/Textures/Colorsheet Rock Grey.png using Guid(6eb1476b439514548903a089becbf46a) Importer(815301076,1909f56bfc062723c751e8b465ee728b)  -> (artifact id: 'cb47d4ec36c1ae96f1cea07d8b86b0c4') in 0.009372 seconds 
========================================================================
Received Import Request.
  Time since last request: 0.000244 seconds.
  path: Assets/AllSky_Skybox/Overcast Low/AllSky_Overcast4_Low.png
  artifactKey: Guid(c8f21f62fdb3e43c5b32917c84683698) Importer(815301076,1909f56bfc062723c751e8b465ee728b)
Start importing Assets/AllSky_Skybox/Overcast Low/AllSky_Overcast4_Low.png using Guid(c8f21f62fdb3e43c5b32917c84683698) Importer(815301076,1909f56bfc062723c751e8b465ee728b)  -> (artifact id: '63dcbab8b37ecf4d759199d4ced6fdcf') in 0.191199 seconds 
========================================================================
Received Import Request.
  Time since last request: 0.000158 seconds.
  path: Assets/Materials/Concrete.mat
  artifactKey: Guid(6e306ee3d314e48bcb3443109e214422) Importer(815301076,1909f56bfc062723c751e8b465ee728b)
Start importing Assets/Materials/Concrete.mat using Guid(6e306ee3d314e48bcb3443109e214422) Importer(815301076,1909f56bfc062723c751e8b465ee728b)  -> (artifact id: '547416f27f8957b049c588aa5fd2b170') in 0.271827 seconds 
========================================================================
Received Import Request.
  Time since last request: 0.000084 seconds.
  path: Assets/BrokenVector_Rocks/LowPolyRockPack/Prefabs/Rock Type2 02.prefab
  artifactKey: Guid(41dcf1459594f434a8a9bae6ae03eab0) Importer(815301076,1909f56bfc062723c751e8b465ee728b)
Start importing Assets/BrokenVector_Rocks/LowPolyRockPack/Prefabs/Rock Type2 02.prefab using Guid(41dcf1459594f434a8a9bae6ae03eab0) Importer(815301076,1909f56bfc062723c751e8b465ee728b)  -> (artifact id: '19e0fb05b0ae85bd8b209f03b570b234') in 0.010592 seconds 
========================================================================
Received Import Request.
  Time since last request: 0.000182 seconds.
  path: Assets/AllSky_Skybox/Overcast Low/Materials/AllSky_Overcast4_Low.mat
  artifactKey: Guid(e711f54060afd43f386cd00bd40db935) Importer(815301076,1909f56bfc062723c751e8b465ee728b)
Start importing Assets/AllSky_Skybox/Overcast Low/Materials/AllSky_Overcast4_Low.mat using Guid(e711f54060afd43f386cd00bd40db935) Importer(815301076,1909f56bfc062723c751e8b465ee728b)  -> (artifact id: 'bcff62a1fce1b49818c90350fa6cfc0a') in 0.082632 seconds 
========================================================================
Received Prepare
Registering precompiled user dll's ...
Registered in 0.002834 seconds.
Begin MonoManager ReloadAssembly
Symbol file LoadedFromMemory doesn't match image /Users/iankimble/Documents/Unity/Primitive_Museum_Gallery_Assignment/Library/PackageCache/com.unity.visualscripting@1.7.8/Editor/VisualScripting.Core/Dependencies/YamlDotNet/Unity.VisualScripting.YamlDotNet.dll
Symbol file LoadedFromMemory doesn't match image /Users/iankimble/Documents/Unity/Primitive_Museum_Gallery_Assignment/Library/PackageCache/com.unity.visualscripting@1.7.8/Editor/VisualScripting.Core/Dependencies/DotNetZip/Unity.VisualScripting.IonicZip.dll
Native extension for OSXStandalone target not found
Refreshing native plugins compatible for Editor in 0.69 ms, found 2 plugins.
Preloading 0 native plugins for Editor in 0.00 ms.
Mono: successfully reloaded assembly
- Completed reload, in  1.084 seconds
Domain Reload Profiling:
	ReloadAssembly (1085ms)
		BeginReloadAssembly (147ms)
			ExecutionOrderSort (0ms)
			DisableScriptedObjects (5ms)
			BackupInstance (0ms)
			ReleaseScriptingObjects (0ms)
			CreateAndSetChildDomain (60ms)
		EndReloadAssembly (828ms)
			LoadAssemblies (71ms)
			RebuildTransferFunctionScriptingTraits (0ms)
			SetupTypeCache (302ms)
			ReleaseScriptCaches (1ms)
			RebuildScriptCaches (51ms)
			SetupLoadedEditorAssemblies (352ms)
				LogAssemblyErrors (0ms)
				InitializePlatformSupportModulesInManaged (10ms)
				SetLoadedEditorAssemblies (1ms)
				RefreshPlugins (1ms)
				BeforeProcessingInitializeOnLoad (59ms)
				ProcessInitializeOnLoadAttributes (250ms)
				ProcessInitializeOnLoadMethodAttributes (31ms)
				AfterProcessingInitializeOnLoad (1ms)
				EditorAssembliesLoaded (0ms)
			ExecutionOrderSort2 (0ms)
			AwakeInstancesAfterBackupRestoration (5ms)
Platform modules already initialized, skipping
Refreshing native plugins compatible for Editor in 1.21 ms, found 2 plugins.
Preloading 0 native plugins for Editor in 0.00 ms.
Unloading 3376 Unused Serialized files (Serialized files now loaded: 0)
Unloading 20 unused Assets / (71.3 KB). Loaded Objects now: 3927.
Memory consumption went from 275.6 MB to 275.6 MB.
Total: 3.372945 ms (FindLiveObjects: 0.276045 ms CreateObjectMapping: 0.111932 ms MarkObjects: 2.775946 ms  DeleteObjects: 0.208060 ms)

AssetImportParameters requested are different than current active one (requested -> active):
  custom:video-decoder-ogg-theora: a1e56fd34408186e4bbccfd4996cb3dc -> 
  custom:container-muxer-webm: aa71ff27fc2769a1b78a27578f13a17b -> 
  custom:container-demuxer-webm: 4f35f7cbe854078d1ac9338744f61a02 -> 
  custom:video-encoder-webm-vp8: eb34c28f22e8b96e1ab97ce403110664 -> 
  custom:framework-osx-AVFoundation: e770b220cccbd017edd2c1fefb359320 -> 
  custom:audio-encoder-webm-vorbis: bf7c407c2cedff20999df2af8eb42d56 -> 
  custom:container-demuxer-ogg: 62fdf1f143b41e24485cea50d1cbac27 -> 
  custom:video-decoder-webm-vp8: 9c59270c3fd7afecdb556c50c9e8de78 -> 
  custom:audio-decoder-ogg-vorbis: bf7c407c2cedff20999df2af8eb42d56 -> 
